<?xml version="1.0" encoding="UTF-8"?>
<!-- Generated by org.testng.reporters.JUnitXMLReporter -->
<testsuite ignored="0" hostname="raju" failures="0" tests="4" name="Default test" time="7.289" errors="0" timestamp="2023-09-29T11:08:34 IST">
  <testcase classname="api.testscript.Usertest" name="createUserTest" time="2.846"/>
  <testcase classname="api.testscript.Usertest" name="getUserTest" time="1.299"/>
  <testcase classname="api.testscript.Usertest" name="updateUserTest" time="1.253"/>
  <testcase classname="api.testscript.Usertest" name="deleteUserTest" time="1.174"/>
</testsuite> <!-- Default test -->
