<?xml version="1.0" encoding="UTF-8"?>
<!-- Generated by org.testng.reporters.JUnitXMLReporter -->
<testsuite ignored="0" hostname="Rajhans" failures="0" tests="3" name="Default test" time="7.303" errors="0" timestamp="2023-11-11T21:31:47 IST">
  <testcase classname="api.testscript.StoreTest" name="deleteTest" time="3.034"/>
  <testcase classname="api.testscript.StoreTest" name="test" time="2.322"/>
  <testcase classname="api.testscript.StoreTest" name="getOrderTest" time="1.902"/>
</testsuite> <!-- Default test -->
