<?xml version="1.0" encoding="UTF-8"?>
<!-- Generated by org.testng.reporters.JUnitXMLReporter -->
<testsuite ignored="0" hostname="raju" failures="0" tests="4" name="Test" time="7.415" errors="0" timestamp="2023-09-26T12:56:26 IST">
  <testcase classname="api.testscript.Usertest" name="createUserTest" time="2.948"/>
  <testcase classname="api.testscript.Usertest" name="getUserTest" time="1.181"/>
  <testcase classname="api.testscript.Usertest" name="updateUserTest" time="1.178"/>
  <testcase classname="api.testscript.Usertest" name="deleteUserTest" time="1.134"/>
</testsuite> <!-- Test -->
