<?xml version="1.0" encoding="UTF-8"?>
<testng-results ignored="0" total="3" passed="3" failed="0" skipped="0">
  <reporter-output>
  </reporter-output>
  <suite started-at="2023-11-11T21:31:40 IST" name="Default suite" finished-at="2023-11-11T21:31:47 IST" duration-ms="7303">
    <groups>
    </groups>
    <test started-at="2023-11-11T21:31:40 IST" name="Default test" finished-at="2023-11-11T21:31:47 IST" duration-ms="7303">
      <class name="api.testscript.StoreTest">
        <test-method signature="deleteTest()[pri:0, instance:api.testscript.StoreTest@28f2a10f]" started-at="2023-11-11T21:31:40 IST" name="deleteTest" finished-at="2023-11-11T21:31:43 IST" duration-ms="3034" status="PASS">
          <reporter-output>
          </reporter-output>
        </test-method> <!-- deleteTest -->
        <test-method signature="test()[pri:1, instance:api.testscript.StoreTest@28f2a10f]" started-at="2023-11-11T21:31:43 IST" name="test" finished-at="2023-11-11T21:31:45 IST" duration-ms="2322" status="PASS">
          <reporter-output>
          </reporter-output>
        </test-method> <!-- test -->
        <test-method signature="getOrderTest()[pri:2, instance:api.testscript.StoreTest@28f2a10f]" started-at="2023-11-11T21:31:45 IST" name="getOrderTest" finished-at="2023-11-11T21:31:47 IST" duration-ms="1902" status="PASS">
          <reporter-output>
          </reporter-output>
        </test-method> <!-- getOrderTest -->
      </class> <!-- api.testscript.StoreTest -->
    </test> <!-- Default test -->
  </suite> <!-- Default suite -->
</testng-results>
