<?xml version="1.0" encoding="UTF-8"?>
<testng-results ignored="0" total="4" passed="4" failed="0" skipped="0">
  <reporter-output>
  </reporter-output>
  <suite started-at="2023-12-01T10:16:22 IST" name="Default suite" finished-at="2023-12-01T10:16:32 IST" duration-ms="10279">
    <groups>
    </groups>
    <test started-at="2023-12-01T10:16:22 IST" name="Default test" finished-at="2023-12-01T10:16:32 IST" duration-ms="10279">
      <class name="api.testscript.Usertest">
        <test-method is-config="true" signature="generateTestData()[pri:0, instance:api.testscript.Usertest@611889f4]" started-at="2023-12-01T10:16:22 IST" name="generateTestData" finished-at="2023-12-01T10:16:23 IST" duration-ms="873" status="PASS">
          <reporter-output>
          </reporter-output>
        </test-method> <!-- generateTestData -->
        <test-method signature="createUserTest()[pri:1, instance:api.testscript.Usertest@611889f4]" started-at="2023-12-01T10:16:23 IST" name="createUserTest" finished-at="2023-12-01T10:16:27 IST" duration-ms="3954" status="PASS">
          <reporter-output>
          </reporter-output>
        </test-method> <!-- createUserTest -->
        <test-method signature="getUserTest()[pri:2, instance:api.testscript.Usertest@611889f4]" started-at="2023-12-01T10:16:27 IST" name="getUserTest" finished-at="2023-12-01T10:16:29 IST" duration-ms="1928" status="PASS">
          <reporter-output>
          </reporter-output>
        </test-method> <!-- getUserTest -->
        <test-method signature="updateUserTest()[pri:3, instance:api.testscript.Usertest@611889f4]" started-at="2023-12-01T10:16:29 IST" name="updateUserTest" finished-at="2023-12-01T10:16:31 IST" duration-ms="1851" status="PASS">
          <reporter-output>
          </reporter-output>
        </test-method> <!-- updateUserTest -->
        <test-method signature="deleteUserTest()[pri:4, instance:api.testscript.Usertest@611889f4]" started-at="2023-12-01T10:16:31 IST" name="deleteUserTest" finished-at="2023-12-01T10:16:32 IST" duration-ms="1630" status="PASS">
          <reporter-output>
          </reporter-output>
        </test-method> <!-- deleteUserTest -->
      </class> <!-- api.testscript.Usertest -->
    </test> <!-- Default test -->
  </suite> <!-- Default suite -->
</testng-results>
